<?xml version="1.0" encoding="UTF-8"?>
<testsuite name="Ajou_backend.project.ProjectApplicationTests" tests="1" skipped="0" failures="0" errors="0" timestamp="2023-12-05T07:46:50" hostname="ajousearfi" time="0.36">
  <properties/>
  <testcase name="contextLoads()" classname="Ajou_backend.project.ProjectApplicationTests" time="0.36"/>
  <system-out><![CDATA[16:46:41.113 [Test worker] DEBUG org.springframework.test.context.BootstrapUtils - Instantiating CacheAwareContextLoaderDelegate from class [org.springframework.test.context.cache.DefaultCacheAwareContextLoaderDelegate]
16:46:41.136 [Test worker] DEBUG org.springframework.test.context.BootstrapUtils - Instantiating BootstrapContext using constructor [public org.springframework.test.context.support.DefaultBootstrapContext(java.lang.Class,org.springframework.test.context.CacheAwareContextLoaderDelegate)]
16:46:41.211 [Test worker] DEBUG org.springframework.test.context.BootstrapUtils - Instantiating TestContextBootstrapper for test class [Ajou_backend.project.ProjectApplicationTests] from class [org.springframework.boot.test.context.SpringBootTestContextBootstrapper]
16:46:41.235 [Test worker] INFO org.springframework.boot.test.context.SpringBootTestContextBootstrapper - Neither @ContextConfiguration nor @ContextHierarchy found for test class [Ajou_backend.project.ProjectApplicationTests], using SpringBootContextLoader
16:46:41.242 [Test worker] DEBUG org.springframework.test.context.support.AbstractContextLoader - Did not detect default resource location for test class [Ajou_backend.project.ProjectApplicationTests]: class path resource [Ajou_backend/project/ProjectApplicationTests-context.xml] does not exist
16:46:41.248 [Test worker] DEBUG org.springframework.test.context.support.AbstractContextLoader - Did not detect default resource location for test class [Ajou_backend.project.ProjectApplicationTests]: class path resource [Ajou_backend/project/ProjectApplicationTestsContext.groovy] does not exist
16:46:41.249 [Test worker] INFO org.springframework.test.context.support.AbstractContextLoader - Could not detect default resource locations for test class [Ajou_backend.project.ProjectApplicationTests]: no resource found for suffixes {-context.xml, Context.groovy}.
16:46:41.250 [Test worker] INFO org.springframework.test.context.support.AnnotationConfigContextLoaderUtils - Could not detect default configuration classes for test class [Ajou_backend.project.ProjectApplicationTests]: ProjectApplicationTests does not declare any static, non-private, non-final, nested classes annotated with @Configuration.
16:46:41.331 [Test worker] DEBUG org.springframework.test.context.support.ActiveProfilesUtils - Could not find an 'annotation declaring class' for annotation type [org.springframework.test.context.ActiveProfiles] and class [Ajou_backend.project.ProjectApplicationTests]
16:46:41.459 [Test worker] DEBUG org.springframework.context.annotation.ClassPathScanningCandidateComponentProvider - Identified candidate component class: file [/root/ajou_searfi/Ajou_Backend/build/classes/java/main/Ajou_backend/project/ProjectApplication.class]
16:46:41.461 [Test worker] INFO org.springframework.boot.test.context.SpringBootTestContextBootstrapper - Found @SpringBootConfiguration Ajou_backend.project.ProjectApplication for test class Ajou_backend.project.ProjectApplicationTests
16:46:41.645 [Test worker] DEBUG org.springframework.boot.test.context.SpringBootTestContextBootstrapper - @TestExecutionListeners is not present for class [Ajou_backend.project.ProjectApplicationTests]: using defaults.
16:46:41.646 [Test worker] INFO org.springframework.boot.test.context.SpringBootTestContextBootstrapper - Loaded default TestExecutionListener class names from location [META-INF/spring.factories]: [org.springframework.boot.test.autoconfigure.restdocs.RestDocsTestExecutionListener, org.springframework.boot.test.autoconfigure.web.client.MockRestServiceServerResetTestExecutionListener, org.springframework.boot.test.autoconfigure.web.servlet.MockMvcPrintOnlyOnFailureTestExecutionListener, org.springframework.boot.test.autoconfigure.web.servlet.WebDriverTestExecutionListener, org.springframework.boot.test.autoconfigure.webservices.client.MockWebServiceServerTestExecutionListener, org.springframework.boot.test.mock.mockito.MockitoTestExecutionListener, org.springframework.boot.test.mock.mockito.ResetMocksTestExecutionListener, org.springframework.test.context.web.ServletTestExecutionListener, org.springframework.test.context.support.DirtiesContextBeforeModesTestExecutionListener, org.springframework.test.context.event.ApplicationEventsTestExecutionListener, org.springframework.test.context.support.DependencyInjectionTestExecutionListener, org.springframework.test.context.support.DirtiesContextTestExecutionListener, org.springframework.test.context.transaction.TransactionalTestExecutionListener, org.springframework.test.context.jdbc.SqlScriptsTestExecutionListener, org.springframework.test.context.event.EventPublishingTestExecutionListener]
16:46:41.679 [Test worker] INFO org.springframework.boot.test.context.SpringBootTestContextBootstrapper - Using TestExecutionListeners: [org.springframework.test.context.web.ServletTestExecutionListener@4c51bb7, org.springframework.test.context.support.DirtiesContextBeforeModesTestExecutionListener@83298d7, org.springframework.test.context.event.ApplicationEventsTestExecutionListener@42a9e5d1, org.springframework.boot.test.mock.mockito.MockitoTestExecutionListener@5b080f3a, org.springframework.boot.test.autoconfigure.SpringBootDependencyInjectionTestExecutionListener@773cbf4f, org.springframework.test.context.support.DirtiesContextTestExecutionListener@6b54655f, org.springframework.test.context.transaction.TransactionalTestExecutionListener@665e9289, org.springframework.test.context.jdbc.SqlScriptsTestExecutionListener@7d3430a7, org.springframework.test.context.event.EventPublishingTestExecutionListener@6f603e89, org.springframework.boot.test.autoconfigure.restdocs.RestDocsTestExecutionListener@2756c0a7, org.springframework.boot.test.autoconfigure.web.client.MockRestServiceServerResetTestExecutionListener@350ec41e, org.springframework.boot.test.autoconfigure.web.servlet.MockMvcPrintOnlyOnFailureTestExecutionListener@69637b10, org.springframework.boot.test.autoconfigure.web.servlet.WebDriverTestExecutionListener@71984c3, org.springframework.boot.test.autoconfigure.webservices.client.MockWebServiceServerTestExecutionListener@165b2f7f, org.springframework.boot.test.mock.mockito.ResetMocksTestExecutionListener@5536379e]
16:46:41.683 [Test worker] DEBUG org.springframework.test.context.support.AbstractDirtiesContextTestExecutionListener - Before test class: context [DefaultTestContext@2c3dec30 testClass = ProjectApplicationTests, testInstance = [null], testMethod = [null], testException = [null], mergedContextConfiguration = [WebMergedContextConfiguration@34a97744 testClass = ProjectApplicationTests, locations = '{}', classes = '{class Ajou_backend.project.ProjectApplication}', contextInitializerClasses = '[]', activeProfiles = '{}', propertySourceLocations = '{}', propertySourceProperties = '{org.springframework.boot.test.context.SpringBootTestContextBootstrapper=true}', contextCustomizers = set[org.springframework.boot.test.autoconfigure.actuate.metrics.MetricsExportContextCustomizerFactory$DisableMetricExportContextCustomizer@30e868be, org.springframework.boot.test.autoconfigure.properties.PropertyMappingContextCustomizer@0, org.springframework.boot.test.autoconfigure.web.servlet.WebDriverContextCustomizerFactory$Customizer@2c4d1ac, org.springframework.boot.test.context.filter.ExcludeFilterContextCustomizer@41e68d87, org.springframework.boot.test.json.DuplicateJsonObjectContextCustomizerFactory$DuplicateJsonObjectContextCustomizer@45312be2, org.springframework.boot.test.mock.mockito.MockitoContextCustomizer@0, org.springframework.boot.test.web.client.TestRestTemplateContextCustomizer@7749bf93, org.springframework.boot.test.context.SpringBootTestArgs@1, org.springframework.boot.test.context.SpringBootTestWebEnvironment@52102734], resourceBasePath = 'src/main/webapp', contextLoader = 'org.springframework.boot.test.context.SpringBootContextLoader', parent = [null]], attributes = map['org.springframework.test.context.web.ServletTestExecutionListener.activateListener' -> true]], class annotated with @DirtiesContext [false] with mode [null].

  .   ____          _            __ _ _
 /\\ / ___'_ __ _ _(_)_ __  __ _ \ \ \ \
( ( )\___ | '_ | '_| | '_ \/ _` | \ \ \ \
 \\/  ___)| |_)| | | | | || (_| |  ) ) ) )
  '  |____| .__|_| |_|_| |_\__, | / / / /
 =========|_|==============|___/=/_/_/_/
 :: Spring Boot ::               (v2.7.11)

2023-12-05 16:46:42.323  INFO 29978 --- [    Test worker] A.project.ProjectApplicationTests        : Starting ProjectApplicationTests using Java 17.0.7 on ajousearfi with PID 29978 (started by root in /root/ajou_searfi/Ajou_Backend)
2023-12-05 16:46:42.326  INFO 29978 --- [    Test worker] A.project.ProjectApplicationTests        : No active profile set, falling back to 1 default profile: "default"
2023-12-05 16:46:43.635  INFO 29978 --- [    Test worker] .s.d.r.c.RepositoryConfigurationDelegate : Bootstrapping Spring Data JPA repositories in DEFAULT mode.
2023-12-05 16:46:43.746  INFO 29978 --- [    Test worker] .s.d.r.c.RepositoryConfigurationDelegate : Finished Spring Data repository scanning in 95 ms. Found 4 JPA repository interfaces.
2023-12-05 16:46:44.999  INFO 29978 --- [    Test worker] o.hibernate.jpa.internal.util.LogHelper  : HHH000204: Processing PersistenceUnitInfo [name: default]
2023-12-05 16:46:45.081  INFO 29978 --- [    Test worker] org.hibernate.Version                    : HHH000412: Hibernate ORM core version 5.6.15.Final
2023-12-05 16:46:45.361  INFO 29978 --- [    Test worker] o.hibernate.annotations.common.Version   : HCANN000001: Hibernate Commons Annotations {5.1.2.Final}
2023-12-05 16:46:45.590  INFO 29978 --- [    Test worker] com.zaxxer.hikari.HikariDataSource       : HikariPool-1 - Starting...
2023-12-05 16:46:45.911  INFO 29978 --- [    Test worker] com.zaxxer.hikari.HikariDataSource       : HikariPool-1 - Start completed.
2023-12-05 16:46:45.978  INFO 29978 --- [    Test worker] org.hibernate.dialect.Dialect            : HHH000400: Using dialect: org.hibernate.dialect.MySQL8Dialect
2023-12-05 16:46:47.543  INFO 29978 --- [    Test worker] o.h.e.t.j.p.i.JtaPlatformInitiator       : HHH000490: Using JtaPlatform implementation: [org.hibernate.engine.transaction.jta.platform.internal.NoJtaPlatform]
2023-12-05 16:46:47.561  INFO 29978 --- [    Test worker] j.LocalContainerEntityManagerFactoryBean : Initialized JPA EntityManagerFactory for persistence unit 'default'
2023-12-05 16:46:49.044  WARN 29978 --- [    Test worker] JpaBaseConfiguration$JpaWebConfiguration : spring.jpa.open-in-view is enabled by default. Therefore, database queries may be performed during view rendering. Explicitly configure spring.jpa.open-in-view to disable this warning
2023-12-05 16:46:50.579  INFO 29978 --- [    Test worker] A.project.ProjectApplicationTests        : Started ProjectApplicationTests in 8.826 seconds (JVM running for 11.077)
]]></system-out>
  <system-err><![CDATA[]]></system-err>
</testsuite>
